<?xml version="1.0" encoding="UTF-8"?>
<testsuite name="com.encora.taskmanagementapplication.controller.UserControllerTest" tests="1" skipped="0" failures="0" errors="0" timestamp="2024-10-03T10:01:46" hostname="Shehnazs-MacBook-Air.local" time="0.001">
  <properties/>
  <testcase name="saveUserSettings_shouldCallServiceToUpdateSettings()" classname="com.encora.taskmanagementapplication.controller.UserControllerTest" time="0.001"/>
  <system-out><![CDATA[]]></system-out>
  <system-err><![CDATA[]]></system-err>
</testsuite>
