<?xml version="1.0" encoding="UTF-8"?>
<testsuite name="com.encora.taskmanagementapplication.service.UserServiceTest" tests="6" skipped="0" failures="0" errors="0" timestamp="2024-10-03T10:01:46" hostname="Shehnazs-MacBook-Air.local" time="0.061">
  <properties/>
  <testcase name="validateUser_invalidCredentials_shouldReturnNull()" classname="com.encora.taskmanagementapplication.service.UserServiceTest" time="0.053"/>
  <testcase name="getUserById_shouldReturnUser()" classname="com.encora.taskmanagementapplication.service.UserServiceTest" time="0.001"/>
  <testcase name="getUserbyEmail_shouldReturnUser()" classname="com.encora.taskmanagementapplication.service.UserServiceTest" time="0.0"/>
  <testcase name="createUser_shouldReturnUser()" classname="com.encora.taskmanagementapplication.service.UserServiceTest" time="0.002"/>
  <testcase name="validateUser_validCredentials_shouldReturnUserId()" classname="com.encora.taskmanagementapplication.service.UserServiceTest" time="0.002"/>
  <testcase name="updateUserSettings_shouldUpdateUserSettings()" classname="com.encora.taskmanagementapplication.service.UserServiceTest" time="0.001"/>
  <system-out><![CDATA[]]></system-out>
  <system-err><![CDATA[]]></system-err>
</testsuite>
