<?xml version="1.0" encoding="UTF-8"?>
<testsuite name="com.encora.taskmanagementapplication.TaskManagementApplicationTests" tests="1" skipped="0" failures="0" errors="0" timestamp="2024-10-03T10:01:45" hostname="Shehnazs-MacBook-Air.local" time="0.373">
  <properties/>
  <testcase name="contextLoads()" classname="com.encora.taskmanagementapplication.TaskManagementApplicationTests" time="0.373"/>
  <system-out><![CDATA[15:31:42.508 [Test worker] INFO org.springframework.test.context.support.AnnotationConfigContextLoaderUtils -- Could not detect default configuration classes for test class [com.encora.taskmanagementapplication.TaskManagementApplicationTests]: TaskManagementApplicationTests does not declare any static, non-private, non-final, nested classes annotated with @Configuration.
15:31:42.584 [Test worker] INFO org.springframework.boot.test.context.SpringBootTestContextBootstrapper -- Found @SpringBootConfiguration com.encora.taskmanagementapplication.TaskManagementApplication for test class com.encora.taskmanagementapplication.TaskManagementApplicationTests

  .   ____          _            __ _ _
 /\\ / ___'_ __ _ _(_)_ __  __ _ \ \ \ \
( ( )\___ | '_ | '_| | '_ \/ _` | \ \ \ \
 \\/  ___)| |_)| | | | | || (_| |  ) ) ) )
  '  |____| .__|_| |_|_| |_\__, | / / / /
 =========|_|==============|___/=/_/_/_/

 :: Spring Boot ::                (v3.3.3)

2024-10-03T15:31:42.884+05:30  INFO 58159 --- [TaskManagementApplication] [    Test worker] c.e.t.TaskManagementApplicationTests     : Starting TaskManagementApplicationTests using Java 22.0.2 with PID 58159 (started by shehnaz in /Users/shehnaz/Workspace/Java/Encora/TaskManagementApplication/TaskManagementApplication)
2024-10-03T15:31:42.886+05:30  INFO 58159 --- [TaskManagementApplication] [    Test worker] c.e.t.TaskManagementApplicationTests     : No active profile set, falling back to 1 default profile: "default"
2024-10-03T15:31:43.251+05:30  INFO 58159 --- [TaskManagementApplication] [    Test worker] .s.d.r.c.RepositoryConfigurationDelegate : Bootstrapping Spring Data JPA repositories in DEFAULT mode.
2024-10-03T15:31:43.353+05:30  INFO 58159 --- [TaskManagementApplication] [    Test worker] .s.d.r.c.RepositoryConfigurationDelegate : Finished Spring Data repository scanning in 97 ms. Found 4 JPA repository interfaces.
2024-10-03T15:31:43.639+05:30  INFO 58159 --- [TaskManagementApplication] [    Test worker] o.hibernate.jpa.internal.util.LogHelper  : HHH000204: Processing PersistenceUnitInfo [name: default]
2024-10-03T15:31:43.684+05:30  INFO 58159 --- [TaskManagementApplication] [    Test worker] org.hibernate.Version                    : HHH000412: Hibernate ORM core version 6.5.2.Final
2024-10-03T15:31:43.711+05:30  INFO 58159 --- [TaskManagementApplication] [    Test worker] o.h.c.internal.RegionFactoryInitiator    : HHH000026: Second-level cache disabled
2024-10-03T15:31:43.932+05:30  INFO 58159 --- [TaskManagementApplication] [    Test worker] o.s.o.j.p.SpringPersistenceUnitInfo      : No LoadTimeWeaver setup: ignoring JPA class transformer
2024-10-03T15:31:43.954+05:30  INFO 58159 --- [TaskManagementApplication] [    Test worker] com.zaxxer.hikari.HikariDataSource       : HikariPool-1 - Starting...
2024-10-03T15:31:44.136+05:30  INFO 58159 --- [TaskManagementApplication] [    Test worker] com.zaxxer.hikari.pool.HikariPool        : HikariPool-1 - Added connection conn0: url=jdbc:h2:mem:testdb user=SA
2024-10-03T15:31:44.138+05:30  INFO 58159 --- [TaskManagementApplication] [    Test worker] com.zaxxer.hikari.HikariDataSource       : HikariPool-1 - Start completed.
2024-10-03T15:31:44.163+05:30  WARN 58159 --- [TaskManagementApplication] [    Test worker] org.hibernate.orm.deprecation            : HHH90000025: H2Dialect does not need to be specified explicitly using 'hibernate.dialect' (remove the property setting and it will be selected by default)
2024-10-03T15:31:44.810+05:30  INFO 58159 --- [TaskManagementApplication] [    Test worker] o.h.e.t.j.p.i.JtaPlatformInitiator       : HHH000489: No JTA platform available (set 'hibernate.transaction.jta.platform' to enable JTA platform integration)
2024-10-03T15:31:44.857+05:30  INFO 58159 --- [TaskManagementApplication] [    Test worker] j.LocalContainerEntityManagerFactoryBean : Initialized JPA EntityManagerFactory for persistence unit 'default'
2024-10-03T15:31:45.133+05:30  INFO 58159 --- [TaskManagementApplication] [    Test worker] o.s.d.j.r.query.QueryEnhancerFactory     : Hibernate is in classpath; If applicable, HQL parser will be used.
2024-10-03T15:31:45.573+05:30  INFO 58159 --- [TaskManagementApplication] [    Test worker] ctiveUserDetailsServiceAutoConfiguration : 

Using generated security password: cf92bc6f-3ec8-4c15-9721-e8126697f8f0

2024-10-03T15:31:45.918+05:30  INFO 58159 --- [TaskManagementApplication] [    Test worker] c.e.t.TaskManagementApplicationTests     : Started TaskManagementApplicationTests in 3.229 seconds (process running for 9.222)
]]></system-out>
  <system-err><![CDATA[WARNING: A Java agent has been loaded dynamically (/Users/shehnaz/.gradle/caches/modules-2/files-2.1/net.bytebuddy/byte-buddy-agent/1.14.19/154da3a65b4f4a909d3e5bdec55d1b2b4cbb6ce1/byte-buddy-agent-1.14.19.jar)
WARNING: If a serviceability tool is in use, please run with -XX:+EnableDynamicAgentLoading to hide this warning
WARNING: If a serviceability tool is not in use, please run with -Djdk.instrument.traceUsage for more information
WARNING: Dynamic loading of agents will be disallowed by default in a future release
]]></system-err>
</testsuite>
